<?xml version="1.0" encoding="UTF-8"?>
<testng-results skipped="0" failed="0" total="1" passed="1">
  <reporter-output>
  </reporter-output>
  <suite name="Suite" duration-ms="80" started-at="2018-04-23T06:34:50Z" finished-at="2018-04-23T06:34:50Z">
    <groups>
    </groups>
    <test name="Test" duration-ms="80" started-at="2018-04-23T06:34:50Z" finished-at="2018-04-23T06:34:50Z">
      <class name="com.parcelplatform.CI_Tool.CI_Tool.TestClassTest">
        <test-method status="PASS" signature="beforeTest()[pri:0, instance:com.parcelplatform.CI_Tool.CI_Tool.TestClassTest@1554909b]" name="beforeTest" is-config="true" duration-ms="34" started-at="2018-04-23T12:04:50Z" finished-at="2018-04-23T12:04:50Z">
          <reporter-output>
          </reporter-output>
        </test-method> <!-- beforeTest -->
        <test-method status="PASS" signature="f()[pri:0, instance:com.parcelplatform.CI_Tool.CI_Tool.TestClassTest@1554909b]" name="f" duration-ms="4" started-at="2018-04-23T12:04:50Z" finished-at="2018-04-23T12:04:50Z">
          <reporter-output>
          </reporter-output>
        </test-method> <!-- f -->
        <test-method status="PASS" signature="afterTest()[pri:0, instance:com.parcelplatform.CI_Tool.CI_Tool.TestClassTest@1554909b]" name="afterTest" is-config="true" duration-ms="5" started-at="2018-04-23T12:04:50Z" finished-at="2018-04-23T12:04:50Z">
          <reporter-output>
          </reporter-output>
        </test-method> <!-- afterTest -->
      </class> <!-- com.parcelplatform.CI_Tool.CI_Tool.TestClassTest -->
    </test> <!-- Test -->
  </suite> <!-- Suite -->
</testng-results>
